# JRE version: OpenJDK Runtime Environment (11.0.10) (build 11.0.10+0-b96-7249189)
# Java VM: OpenJDK 64-Bit Server VM (11.0.10+0-b96-7249189, mixed mode, tiered, compressed oops, g1 gc, windows-amd64)
Heap:
 garbage-first heap   total 522240K, used 289392K [0x0000000080000000, 0x0000000100000000)
  region size 1024K, 244 young (249856K), 39 survivors (39936K)
 Metaspace       used 93169K, capacity 95768K, committed 96076K, reserved 1132544K
  class space    used 11921K, capacity 12875K, committed 12928K, reserved 1048576K
GC Heap History (14 events):
Event: 0.581 GC heap before
{Heap before GC invocations=0 (full 0):
 garbage-first heap   total 522240K, used 30720K [0x0000000080000000, 0x0000000100000000)
  region size 1024K, 25 young (25600K), 0 survivors (0K)
 Metaspace       used 9814K, capacity 9986K, committed 10112K, reserved 1058816K
  class space    used 1022K, capacity 1102K, committed 1152K, reserved 1048576K
}
Event: 0.585 GC heap after
{Heap after GC invocations=1 (full 0):
 garbage-first heap   total 522240K, used 9442K [0x0000000080000000, 0x0000000100000000)
  region size 1024K, 4 young (4096K), 4 survivors (4096K)
 Metaspace       used 9814K, capacity 9986K, committed 10112K, reserved 1058816K
  class space    used 1022K, capacity 1102K, committed 1152K, reserved 1048576K
}
Event: 1.623 GC heap before
{Heap before GC invocations=1 (full 0):
 garbage-first heap   total 522240K, used 105698K [0x0000000080000000, 0x0000000100000000)
  region size 1024K, 99 young (101376K), 4 survivors (4096K)
 Metaspace       used 20660K, capacity 21145K, committed 21248K, reserved 1067008K
  class space    used 2540K, capacity 2730K, committed 2816K, reserved 1048576K
}
Event: 1.631 GC heap after
{Heap after GC invocations=2 (full 0):
 garbage-first heap   total 522240K, used 16836K [0x0000000080000000, 0x0000000100000000)
  region size 1024K, 12 young (12288K), 12 survivors (12288K)
 Metaspace       used 20660K, capacity 21145K, committed 21248K, reserved 1067008K
  class space    used 2540K, capacity 2730K, committed 2816K, reserved 1048576K
}
Event: 2.011 GC heap before
{Heap before GC invocations=3 (full 0):
 garbage-first heap   total 522240K, used 62916K [0x0000000080000000, 0x0000000100000000)
  region size 1024K, 57 young (58368K), 12 survivors (12288K)
 Metaspace       used 25272K, capacity 25836K, committed 26112K, reserved 1071104K
  class space    used 3306K, capacity 3532K, committed 3584K, reserved 1048576K
}
Event: 2.017 GC heap after
{Heap after GC invocations=4 (full 0):
 garbage-first heap   total 522240K, used 18961K [0x0000000080000000, 0x0000000100000000)
  region size 1024K, 2 young (2048K), 2 survivors (2048K)
 Metaspace       used 25272K, capacity 25836K, committed 26112K, reserved 1071104K
  class space    used 3306K, capacity 3532K, committed 3584K, reserved 1048576K
}
Event: 2.677 GC heap before
{Heap before GC invocations=4 (full 0):
 garbage-first heap   total 522240K, used 81425K [0x0000000080000000, 0x0000000100000000)
  region size 1024K, 64 young (65536K), 2 survivors (2048K)
 Metaspace       used 35022K, capacity 35831K, committed 35840K, reserved 1081344K
  class space    used 4544K, capacity 4864K, committed 4864K, reserved 1048576K
}
Event: 2.683 GC heap after
{Heap after GC invocations=5 (full 0):
 garbage-first heap   total 522240K, used 22388K [0x0000000080000000, 0x0000000100000000)
  region size 1024K, 6 young (6144K), 6 survivors (6144K)
 Metaspace       used 35022K, capacity 35831K, committed 35840K, reserved 1081344K
  class space    used 4544K, capacity 4864K, committed 4864K, reserved 1048576K
}
Event: 3.547 GC heap before
{Heap before GC invocations=6 (full 0):
 garbage-first heap   total 522240K, used 137076K [0x0000000080000000, 0x0000000100000000)
  region size 1024K, 115 young (117760K), 6 survivors (6144K)
 Metaspace       used 43929K, capacity 45004K, committed 45260K, reserved 1089536K
  class space    used 5649K, capacity 6037K, committed 6144K, reserved 1048576K
}
Event: 3.554 GC heap after
{Heap after GC invocations=7 (full 0):
 garbage-first heap   total 522240K, used 28994K [0x0000000080000000, 0x0000000100000000)
  region size 1024K, 12 young (12288K), 12 survivors (12288K)
 Metaspace       used 43929K, capacity 45004K, committed 45260K, reserved 1089536K
  class space    used 5649K, capacity 6037K, committed 6144K, reserved 1048576K
}
Event: 4.939 GC heap before
{Heap before GC invocations=7 (full 0):
 garbage-first heap   total 522240K, used 177474K [0x0000000080000000, 0x0000000100000000)
  region size 1024K, 155 young (158720K), 12 survivors (12288K)
 Metaspace       used 58643K, capacity 60164K, committed 60236K, reserved 1101824K
  class space    used 7468K, capacity 8043K, committed 8064K, reserved 1048576K
}
Event: 4.961 GC heap after
{Heap after GC invocations=8 (full 0):
 garbage-first heap   total 522240K, used 44746K [0x0000000080000000, 0x0000000100000000)
  region size 1024K, 24 young (24576K), 24 survivors (24576K)
 Metaspace       used 58643K, capacity 60164K, committed 60236K, reserved 1101824K
  class space    used 7468K, capacity 8043K, committed 8064K, reserved 1048576K
}
Event: 8.017 GC heap before
{Heap before GC invocations=9 (full 0):
 garbage-first heap   total 522240K, used 334538K [0x0000000080000000, 0x0000000100000000)
  region size 1024K, 306 young (313344K), 24 survivors (24576K)
 Metaspace       used 80702K, capacity 83047K, committed 83148K, reserved 1120256K
  class space    used 10608K, capacity 11473K, committed 11520K, reserved 1048576K
}
Event: 8.040 GC heap after
{Heap after GC invocations=10 (full 0):
 garbage-first heap   total 522240K, used 68208K [0x0000000080000000, 0x0000000100000000)
  region size 1024K, 39 young (39936K), 39 survivors (39936K)
 Metaspace       used 80702K, capacity 83047K, committed 83148K, reserved 1120256K
  class space    used 10608K, capacity 11473K, committed 11520K, reserved 1048576K
}

